<?xml version="1.0" encoding="UTF-8"?>
<testsuite name="RectangleTest" tests="5" skipped="0" failures="0" errors="0" timestamp="2017-02-09T08:30:31" hostname="nyambura-Inspiron-3521" time="0.006">
  <properties/>
  <testcase name="newRectangle_getsLength_2" classname="RectangleTest" time="0.003"/>
  <testcase name="isSquare_allSidesEqual_true" classname="RectangleTest" time="0.0"/>
  <testcase name="newRectangle_getsWidth_4" classname="RectangleTest" time="0.0"/>
  <testcase name="newRectangle_instantiatesCorrectly" classname="RectangleTest" time="0.0"/>
  <testcase name="isSquare_whenNotSquare_false" classname="RectangleTest" time="0.0"/>
  <system-out><![CDATA[]]></system-out>
  <system-err><![CDATA[]]></system-err>
</testsuite>
